Filename                                    Regions    Missed Regions     Cover   Functions  Missed Functions  Executed       Lines      Missed Lines     Cover    Branches   Missed Branches     Cover
-------------------------------------------------------------------------------------------------------------------------------------------------------------------------------------------------------
bin/headless.rs                                2522              2117    16.06%          55                47    14.55%        1401              1198    14.49%           0                 0         -
bin/wasm_app.rs                                   3                 3     0.00%           1                 1     0.00%           3                 3     0.00%           0                 0         -
experimental/echo_chamber/mod.rs                156                12    92.31%           5                 1    80.00%         152                12    92.11%           0                 0         -
gpu/buffers.rs                                  570                46    91.93%          21                 0   100.00%         449                49    89.09%           0                 0         -
gpu/context.rs                                   51                51     0.00%           4                 4     0.00%         102               102     0.00%           0                 0         -
gpu/evaluate.rs                                 409               310    24.21%          10                 5    50.00%         319               258    19.12%           0                 0         -
gpu/pipeline.rs                                  63                 6    90.48%           3                 0   100.00%         109                 8    92.66%           0                 0         -
layer1/access_control.rs                        199                 2    98.99%           8                 0   100.00%         123                 2    98.37%           0                 0         -
layer1/acoustic.rs                              299                 4    98.66%          10                 0   100.00%         202                 4    98.02%           0                 0         -
layer1/actions/clean.rs                          35                30    14.29%           2                 1    50.00%          28                19    32.14%           0                 0         -
layer1/actions/clothing.rs                       35                 4    88.57%           1                 0   100.00%          28                 3    89.29%           0                 0         -
layer1/actions/drafted.rs                        37                 1    97.30%           3                 0   100.00%          28                 0   100.00%           0                 0         -
layer1/actions/haul.rs                          277                18    93.50%          10                 1    90.00%         226                16    92.92%           0                 0         -
layer1/actions/hum.rs                            34                 1    97.06%           2                 0   100.00%          29                 0   100.00%           0                 0         -
layer1/actions/mental_break.rs                  354                 3    99.15%          11                 0   100.00%         261                 0   100.00%           0                 0         -
layer1/actions/research.rs                        9                 1    88.89%           1                 0   100.00%          11                 1    90.91%           0                 0         -
layer1/actions/shower.rs                         16                 1    93.75%           1                 0   100.00%          16                 1    93.75%           0                 0         -
layer1/actions/simple.rs                          7                 0   100.00%           1                 0   100.00%           8                 0   100.00%           0                 0         -
layer1/actions/tool.rs                           15                 2    86.67%           1                 0   100.00%          15                 2    86.67%           0                 0         -
layer1/ad_screen.rs                              91                 0   100.00%           3                 0   100.00%          82                 0   100.00%           0                 0         -
layer1/addiction.rs                             174                 3    98.28%           9                 0   100.00%         143                 1    99.30%           0                 0         -
layer1/admin.rs                                  99                 3    96.97%           5                 1    80.00%          75                 6    92.00%           0                 0         -
layer1/ai_core.rs                               211                 9    95.73%          10                 0   100.00%         208                 5    97.60%           0                 0         -
layer1/ancestral_graves.rs                       84                 3    96.43%           4                 0   100.00%          58                 1    98.28%           0                 0         -
layer1/art.rs                                   206                 5    97.57%          10                 2    80.00%         145                 3    97.93%           0                 0         -
layer1/artifacts/mod.rs                         198                 0   100.00%           9                 0   100.00%         145                 0   100.00%           0                 0         -
layer1/artifacts/vr_pod.rs                      129                 0   100.00%           6                 0   100.00%         126                 0   100.00%           0                 0         -
layer1/beauty.rs                                333                 8    97.60%          13                 0   100.00%         224                 6    97.32%           0                 0         -
layer1/bio_acoustic.rs                          138                 0   100.00%           5                 0   100.00%          94                 0   100.00%           0                 0         -
layer1/biocompatibility.rs                      173                 1    99.42%           7                 0   100.00%         122                 0   100.00%           0                 0         -
layer1/biography.rs                             155                12    92.26%           9                 1    88.89%         114                11    90.35%           0                 0         -
layer1/blob.rs                                  228                 6    97.37%           8                 0   100.00%         180                 3    98.33%           0                 0         -
layer1/building.rs                             2072               425    79.49%          93                 6    93.55%        2331              1002    57.01%           0                 0         -
layer1/cabin_fever.rs                           302                 2    99.34%          18                 0   100.00%         250                 1    99.60%           0                 0         -
layer1/chemical.rs                              515                36    93.01%          27                 2    92.59%         378                23    93.92%           0                 0         -
layer1/chronicle.rs                             424                13    96.93%          22                 2    90.91%         256                 6    97.66%           0                 0         -
layer1/clone_vat.rs                             250                15    94.00%           9                 0   100.00%         190                10    94.74%           0                 0         -
layer1/clothing.rs                              110                 1    99.09%           5                 0   100.00%          92                 4    95.65%           0                 0         -
layer1/clutter.rs                               304                 6    98.03%          15                 0   100.00%         200                 5    97.50%           0                 0         -
layer1/combat.rs                                570                23    95.96%          16                 0   100.00%         454                11    97.58%           0                 0         -
layer1/construction/great_works.rs              228                 2    99.12%           8                 0   100.00%         169                 2    98.82%           0                 0         -
layer1/contagion.rs                             159                 0   100.00%           5                 0   100.00%         162                 0   100.00%           0                 0         -
layer1/crowding.rs                              152                 8    94.74%          12                 0   100.00%          91                 6    93.41%           0                 0         -
layer1/cryo.rs                                   55                 1    98.18%           3                 0   100.00%          61                 1    98.36%           0                 0         -
layer1/cryo_dreams.rs                           182                 1    99.45%           5                 0   100.00%         125                 1    99.20%           0                 0         -
layer1/cryo_shock.rs                             96                 0   100.00%           7                 0   100.00%          89                 0   100.00%           0                 0         -
layer1/cybernetics.rs                           185                10    94.59%           8                 0   100.00%         158                 5    96.84%           0                 0         -
layer1/day_night.rs                             189                 1    99.47%          11                 0   100.00%         156                 1    99.36%           0                 0         -
layer1/defense.rs                               203                16    92.12%          11                 0   100.00%         163                16    90.18%           0                 0         -
layer1/designation.rs                           780               148    81.03%          50                11    78.00%         533               118    77.86%           0                 0         -
layer1/direct_link.rs                           672                29    95.68%          17                 0   100.00%         479                18    96.24%           0                 0         -
layer1/dreams.rs                                257                54    78.99%           8                 1    87.50%         210                38    81.90%           0                 0         -
layer1/drone.rs                                 142                22    84.51%           6                 0   100.00%         115                13    88.70%           0                 0         -
layer1/economy/black_market.rs                   47                 2    95.74%           4                 0   100.00%          32                 0   100.00%           0                 0         -
layer1/economy/hauling.rs                      1059               297    71.95%          26                 5    80.77%         764               194    74.61%           0                 0         -
layer1/economy/inventory.rs                      55                 0   100.00%           5                 0   100.00%          40                 0   100.00%           0                 0         -
layer1/economy/items.rs                         145                 4    97.24%           8                 0   100.00%         139                 4    97.12%           0                 0         -
layer1/economy/mod.rs                           151                 7    95.36%           9                 0   100.00%         112                 5    95.54%           0                 0         -
layer1/economy/refining.rs                      500                35    93.00%          21                 3    85.71%         505                42    91.68%           0                 0         -
layer1/economy/resources.rs                     969               138    85.76%          58                 7    87.93%         844                83    90.17%           0                 0         -
layer1/economy/shadow_market.rs                 339               105    69.03%           9                 2    77.78%         268                97    63.81%           0                 0         -
layer1/economy/stockpile.rs                      90                 0   100.00%           8                 0   100.00%          95                 0   100.00%           0                 0         -
layer1/economy/trade.rs                         406                76    81.28%          13                 0   100.00%         293                55    81.23%           0                 0         -
layer1/edicts.rs                                133                 1    99.25%          10                 0   100.00%          89                 1    98.88%           0                 0         -
layer1/energy/auroral.rs                         24                 1    95.83%           1                 0   100.00%          17                 0   100.00%           0                 0         -
layer1/energy/load_limits.rs                    162                 6    96.30%           6                 1    83.33%         125                 3    97.60%           0                 0         -
layer1/energy/mod.rs                            471                36    92.36%          17                 0   100.00%         376                22    94.15%           0                 0         -
layer1/environment/ignition.rs                  178                 2    98.88%           3                 0   100.00%         122                 1    99.18%           0                 0         -
layer1/eureka.rs                                174                44    74.71%           7                 1    85.71%         146                47    67.81%           0                 0         -
layer1/execution/arrival.rs                     300               159    47.00%           8                 2    75.00%         342               145    57.60%           0                 0         -
layer1/execution/combat.rs                       95                 7    92.63%           5                 0   100.00%          76                 4    94.74%           0                 0         -
layer1/execution/demolish.rs                    252               122    51.59%          15                 8    46.67%         174                78    55.17%           0                 0         -
layer1/execution/efficiency.rs                   15                 0   100.00%           1                 0   100.00%          15                 0   100.00%           0                 0         -
layer1/execution/general_work.rs                531                97    81.73%          22                 2    90.91%         392                55    85.97%           0                 0         -
layer1/execution/mining.rs                      310               125    59.68%          10                 1    90.00%         204                86    57.84%           0                 0         -
layer1/execution/movement.rs                    347                71    79.54%          14                 3    78.57%         313                40    87.22%           0                 0         -
layer1/execution/vandalism.rs                    20                 0   100.00%           3                 0   100.00%          19                 0   100.00%           0                 0         -
layer1/execution_demolish_test.rs                65                 0   100.00%           2                 0   100.00%          63                 0   100.00%           0                 0         -
layer1/exodus.rs                                 79                 7    91.14%           4                 0   100.00%          68                 4    94.12%           0                 0         -
layer1/farm.rs                                  643                66    89.74%          31                 5    83.87%         588                50    91.50%           0                 0         -
layer1/fauna/mod.rs                             387                73    81.14%          16                 3    81.25%         306                60    80.39%           0                 0         -
layer1/fauna/modular.rs                          27                 0   100.00%           6                 0   100.00%          23                 0   100.00%           0                 0         -
layer1/fauna/shadow.rs                          128                 2    98.44%           7                 0   100.00%         106                 1    99.06%           0                 0         -
layer1/fauna_gen.rs                              69                 2    97.10%           4                 0   100.00%          78                 0   100.00%           0                 0         -
layer1/festivals.rs                             183                 2    98.91%           9                 0   100.00%         130                 1    99.23%           0                 0         -
layer1/flora.rs                                 712                21    97.05%          23                 0   100.00%         566                14    97.53%           0                 0         -
layer1/funeral.rs                               211                45    78.67%          13                 3    76.92%         140                36    74.29%           0                 0         -
layer1/gastronomy.rs                            360                26    92.78%          20                 1    95.00%         221                21    90.50%           0                 0         -
layer1/gene_bank.rs                             254                12    95.28%          11                 1    90.91%         188                11    94.15%           0                 0         -
layer1/genetics/crop_modification.rs             72                 2    97.22%           4                 0   100.00%          60                 0   100.00%           0                 0         -
layer1/genetics/mod.rs                          154                 8    94.81%           4                 0   100.00%         120                11    90.83%           0                 0         -
layer1/geodetic.rs                              205                14    93.17%           4                 0   100.00%         153                 7    95.42%           0                 0         -
layer1/geology/mod.rs                           226                10    95.58%          16                 0   100.00%         163                 8    95.09%           0                 0         -
layer1/geology/tectonic.rs                       24                 2    91.67%           3                 0   100.00%          35                 2    94.29%           0                 0         -
layer1/geomes.rs                                103                 1    99.03%           3                 0   100.00%          77                 1    98.70%           0                 0         -
layer1/graffiti.rs                              290                10    96.55%          11                 1    90.91%         230                 7    96.96%           0                 0         -
layer1/gut_biome.rs                             186                 2    98.92%          12                 0   100.00%         119                 2    98.32%           0                 0         -
layer1/hazards.rs                                92                22    76.09%           4                 0   100.00%          74                16    78.38%           0                 0         -
layer1/health.rs                                 71                 7    90.14%           9                 0   100.00%          52                 4    92.31%           0                 0         -
layer1/heirloom.rs                               99                 7    92.93%           4                 0   100.00%          71                 4    94.37%           0                 0         -
layer1/hit_stop.rs                                5                 1    80.00%           1                 0   100.00%           5                 0   100.00%           0                 0         -
layer1/hobby.rs                                 197                 6    96.95%           9                 0   100.00%         140                 5    96.43%           0                 0         -
layer1/hologram.rs                               41                 1    97.56%           2                 0   100.00%          44                 0   100.00%           0                 0         -
layer1/housing.rs                               297                 4    98.65%          16                 1    93.75%         219                 1    99.54%           0                 0         -
layer1/hum.rs                                   242                 9    96.28%          12                 0   100.00%         156                 7    95.51%           0                 0         -
layer1/husbandry.rs                             325                69    78.77%          16                 4    75.00%         215                37    82.79%           0                 0         -
layer1/hygiene.rs                               212                 7    96.70%          11                 0   100.00%         211                16    92.42%           0                 0         -
layer1/infrastructure/transit.rs                157                 1    99.36%           4                 0   100.00%         123                 1    99.19%           0                 0         -
layer1/inspector.rs                             177                12    93.22%           7                 0   100.00%         141                11    92.20%           0                 0         -
layer1/institutional_memory.rs                  121                17    85.95%           5                 1    80.00%         108                18    83.33%           0                 0         -
layer1/integration.rs                           760               513    32.50%          56                13    76.79%         783               423    45.98%           0                 0         -
layer1/kinetic_storage.rs                       139                13    90.65%           6                 1    83.33%         157                15    90.45%           0                 0         -
layer1/language.rs                              135                 2    98.52%           6                 0   100.00%          72                 2    97.22%           0                 0         -
layer1/law/contraband.rs                        112                 5    95.54%           6                 0   100.00%          93                13    86.02%           0                 0         -
layer1/law/justice.rs                           366                20    94.54%          17                 0   100.00%         260                10    96.15%           0                 0         -
layer1/law/penal.rs                             160                 2    98.75%          11                 0   100.00%         140                 0   100.00%           0                 0         -
layer1/law/predictive_policing.rs               287                44    84.67%          11                 0   100.00%         199                29    85.43%           0                 0         -
layer1/lifecycle.rs                             229                 6    97.38%           9                 0   100.00%         179                 4    97.77%           0                 0         -
layer1/light_pollution.rs                       121                 3    97.52%           7                 1    85.71%         105                 2    98.10%           0                 0         -
layer1/lighting.rs                              320                13    95.94%          18                 0   100.00%         235                 9    96.17%           0                 0         -
layer1/locations.rs                             166                 3    98.19%          12                 1    91.67%          78                 2    97.44%           0                 0         -
layer1/logistics/conveyor.rs                    335                49    85.37%           8                 0   100.00%         337                34    89.91%           0                 0         -
layer1/logistics/glider.rs                      115                 1    99.13%           4                 0   100.00%          86                 1    98.84%           0                 0         -
layer1/logistics/mass_driver.rs                 155                 4    97.42%           5                 0   100.00%         121                 3    97.52%           0                 0         -
layer1/logistics/orbital_drop.rs                161                 2    98.76%           4                 0   100.00%         125                 2    98.40%           0                 0         -
layer1/logistics/pneumatic.rs                   382                 8    97.91%           9                 0   100.00%         298                 6    97.99%           0                 0         -
layer1/map.rs                                   248                 7    97.18%          16                 0   100.00%         160                 9    94.38%           0                 0         -
layer1/mascot.rs                                236                82    65.25%           9                 2    77.78%         182                65    64.29%           0                 0         -
layer1/medical.rs                               315                47    85.08%          11                 1    90.91%         257                30    88.33%           0                 0         -
layer1/memetics/mod.rs                          133                 5    96.24%           5                 1    80.00%         103                 7    93.20%           0                 0         -
layer1/memetics/parasitic_broadcast.rs           24                 4    83.33%           3                 1    66.67%          25                 2    92.00%           0                 0         -
layer1/memory.rs                                270                20    92.59%          21                 0   100.00%         211                20    90.52%           0                 0         -
layer1/memory_core.rs                           183                 4    97.81%           7                 0   100.00%         130                 3    97.69%           0                 0         -
layer1/mind/utility_ai.rs                       919                17    98.15%          39                 0   100.00%         628                13    97.93%           0                 0         -
layer1/mind/utility_ai_population.rs            872                97    88.88%          73                10    86.30%         651                64    90.17%           0                 0         -
layer1/mind/utility_eval_types.rs               382                15    96.07%          22                 2    90.91%         281                 9    96.80%           0                 0         -
layer1/mind/utility_types.rs                    328                 8    97.56%          27                 1    96.30%         251                 8    96.81%           0                 0         -
layer1/mother_lode.rs                             4                 0   100.00%           1                 0   100.00%           4                 0   100.00%           0                 0         -
layer1/nanite_fabrication.rs                    181                 8    95.58%           6                 0   100.00%         145                 5    96.55%           0                 0         -
layer1/nature/atmosphere.rs                     569                27    95.25%          30                 0   100.00%         375                17    95.47%           0                 0         -
layer1/nature/biosphere_empathy.rs               49                 3    93.88%           2                 0   100.00%          34                 0   100.00%           0                 0         -
layer1/nature/ecology.rs                        145                 6    95.86%           6                 1    83.33%          97                 8    91.75%           0                 0         -
layer1/nature/erosion.rs                        189                 7    96.30%          12                 0   100.00%         122                 4    96.72%           0                 0         -
layer1/nature/fertility.rs                      222                 3    98.65%          14                 0   100.00%         167                 1    99.40%           0                 0         -
layer1/nature/fire.rs                           342                26    92.40%          14                 0   100.00%         253                11    95.65%           0                 0         -
layer1/nature/mutagenic_rain.rs                 137                11    91.97%           6                 0   100.00%         109                 5    95.41%           0                 0         -
layer1/nature/radioactive.rs                    308                41    86.69%          17                 2    88.24%         229                24    89.52%           0                 0         -
layer1/nature/seasons.rs                        174                 5    97.13%          12                 0   100.00%         117                 5    95.73%           0                 0         -
layer1/nature/solar.rs                          196                 4    97.96%          10                 0   100.00%         142                 4    97.18%           0                 0         -
layer1/nature/temperature.rs                    529                21    96.03%          23                 1    95.65%         372                16    95.70%           0                 0         -
layer1/nature/terrain.rs                        475                17    96.42%          21                 0   100.00%         254                12    95.28%           0                 0         -
layer1/nature/water.rs                          269                11    95.91%          12                 1    91.67%         181                 8    95.58%           0                 0         -
layer1/nature/weather.rs                        218                47    78.44%          13                 1    92.31%         187                51    72.73%           0                 0         -
layer1/nature/wind.rs                           422                36    91.47%          20                 1    95.00%         279                30    89.25%           0                 0         -
layer1/needs.rs                                 225                 7    96.89%          19                 0   100.00%         181                 4    97.79%           0                 0         -
layer1/notifications.rs                         223                 1    99.55%          21                 0   100.00%         137                 0   100.00%           0                 0         -
layer1/observatory.rs                           296                 8    97.30%          11                 0   100.00%         218                 3    98.62%           0                 0         -
layer1/olfactory.rs                             218                 4    98.17%          12                 2    83.33%         171                 2    98.83%           0                 0         -
layer1/orbital_crossfire.rs                     250                12    95.20%           8                 0   100.00%         182                 7    96.15%           0                 0         -
layer1/overview_effect.rs                       138                 4    97.10%           8                 0   100.00%          82                 6    92.68%           0                 0         -
layer1/palette_fatigue.rs                       201                 5    97.51%          12                 0   100.00%         133                 7    94.74%           0                 0         -
layer1/particles.rs                             208                 4    98.08%          10                 0   100.00%         176                 3    98.30%           0                 0         -
layer1/pathfinding.rs                           725                15    97.93%          29                 0   100.00%         495                14    97.17%           0                 0         -
layer1/permit.rs                                154                 1    99.35%           8                 0   100.00%         117                 0   100.00%           0                 0         -
layer1/pheromone.rs                             147                 3    97.96%           7                 0   100.00%         138                 3    97.83%           0                 0         -
layer1/photophobic.rs                           318                 5    98.43%           9                 0   100.00%         246                 3    98.78%           0                 0         -
layer1/pop.rs                                   740                64    91.35%          39                 4    89.74%         446                54    87.89%           0                 0         -
layer1/pop_doppelganger.rs                      170                15    91.18%           8                 1    87.50%         122                 7    94.26%           0                 0         -
layer1/pressure.rs                              556                36    93.53%          23                 1    95.65%         410                21    94.88%           0                 0         -
layer1/private_stash.rs                         365                 5    98.63%          15                 0   100.00%         218                 2    99.08%           0                 0         -
layer1/prototyping.rs                           178                 6    96.63%          12                 0   100.00%         128                 2    98.44%           0                 0         -
layer1/psychic.rs                               106                 2    98.11%           4                 0   100.00%          74                 2    97.30%           0                 0         -
layer1/purity.rs                                242                 0   100.00%          15                 0   100.00%         131                 0   100.00%           0                 0         -
layer1/quantum_twins.rs                         213                 6    97.18%           6                 0   100.00%         180                 2    98.89%           0                 0         -
layer1/quirks.rs                                 69                11    84.06%           6                 1    83.33%          67                11    83.58%           0                 0         -
layer1/recycling.rs                             106                 1    99.06%           3                 0   100.00%          94                 1    98.94%           0                 0         -
layer1/room_quality.rs                          349                42    87.97%          11                 0   100.00%         185                31    83.24%           0                 0         -
layer1/ruins.rs                                 151                14    90.73%           3                 0   100.00%          99                 4    95.96%           0                 0         -
layer1/science.rs                               370                53    85.68%          16                 1    93.75%         306                50    83.66%           0                 0         -
layer1/scrapcode.rs                             110                 4    96.36%           7                 0   100.00%          89                 2    97.75%           0                 0         -
layer1/security/mod.rs                           54                 4    92.59%           3                 0   100.00%          36                 3    91.67%           0                 0         -
layer1/seismic.rs                               308                11    96.43%          13                 0   100.00%         209                 9    95.69%           0                 0         -
layer1/shipbreaking.rs                          195                 3    98.46%           7                 0   100.00%         165                 3    98.18%           0                 0         -
layer1/skills.rs                                 91                 0   100.00%          10                 0   100.00%          46                 0   100.00%           0                 0         -
layer1/sleepwalking.rs                           91                 7    92.31%           5                 0   100.00%          65                 6    90.77%           0                 0         -
layer1/social/cadet.rs                          148                 2    98.65%           7                 0   100.00%         114                 1    99.12%           0                 0         -
layer1/social/civic_ideology.rs                 129                13    89.92%           5                 0   100.00%         108                12    88.89%           0                 0         -
layer1/social/cultural_vandalism.rs              84                 6    92.86%           4                 0   100.00%          75                 4    94.67%           0                 0         -
layer1/social/customs.rs                        175                 5    97.14%           8                 0   100.00%         127                 4    96.85%           0                 0         -
layer1/social/debt.rs                           187                 3    98.40%          12                 0   100.00%         106                 0   100.00%           0                 0         -
layer1/social/empty_room.rs                     161                13    91.93%           4                 0   100.00%          99                 5    94.95%           0                 0         -
layer1/social/exile.rs                           92                 2    97.83%           5                 0   100.00%          61                 1    98.36%           0                 0         -
layer1/social/factions.rs                       360                15    95.83%          21                 0   100.00%         295                 8    97.29%           0                 0         -
layer1/social/ghost_shift_strike.rs             137                12    91.24%           5                 0   100.00%         104                 6    94.23%           0                 0         -
layer1/social/grievances.rs                     357                59    83.47%          14                 3    78.57%         271                41    84.87%           0                 0         -
layer1/social/mentorship.rs                     374                 9    97.59%           9                 0   100.00%         335                 8    97.61%           0                 0         -
layer1/social/mod.rs                            436                35    91.97%          21                 1    95.24%         294                28    90.48%           0                 0         -
layer1/social/morale.rs                          96                 1    98.96%          11                 0   100.00%          80                 0   100.00%           0                 0         -
layer1/social/old_guard.rs                      140                24    82.86%           6                 0   100.00%         117                17    85.47%           0                 0         -
layer1/social/pen_pals.rs                       226                 3    98.67%           9                 0   100.00%         189                 2    98.94%           0                 0         -
layer1/social/placebo.rs                        155                17    89.03%           5                 0   100.00%         122                10    91.80%           0                 0         -
layer1/social/politics.rs                       255                26    89.80%          12                 1    91.67%         198                22    88.89%           0                 0         -
layer1/social/rituals.rs                        215                 2    99.07%          13                 0   100.00%         145                 0   100.00%           0                 0         -
layer1/social/rumor.rs                          276                24    91.30%          16                 1    93.75%         206                12    94.17%           0                 0         -
layer1/social/scrap_code_prophets.rs            249                 8    96.79%          10                 0   100.00%         240                 6    97.50%           0                 0         -
layer1/social/sentient_standard.rs              145                 4    97.24%           5                 0   100.00%          89                 2    97.75%           0                 0         -
layer1/social/social_mimicry.rs                 163                11    93.25%           9                 0   100.00%         135                10    92.59%           0                 0         -
layer1/social/social_stratification.rs          183                16    91.26%           8                 0   100.00%         152                 9    94.08%           0                 0         -
layer1/social/society.rs                        256                 6    97.66%          14                 0   100.00%         162                 3    98.15%           0                 0         -
layer1/social/taboo.rs                          193                 1    99.48%          14                 0   100.00%         124                 0   100.00%           0                 0         -
layer1/social/unrest.rs                         468                22    95.30%          21                 1    95.24%         359                12    96.66%           0                 0         -
layer1/social/zero_g_sports.rs                  120                11    90.83%           3                 0   100.00%          76                 3    96.05%           0                 0         -
layer1/spiteful_will.rs                          94                 2    97.87%           6                 0   100.00%          75                 0   100.00%           0                 0         -
layer1/spoilage.rs                              157                 1    99.36%          10                 0   100.00%         130                 0   100.00%           0                 0         -
layer1/spontaneous_architecture.rs              348                11    96.84%           7                 0   100.00%         262                 8    96.95%           0                 0         -
layer1/spore_diplomat.rs                         71                 2    97.18%           4                 0   100.00%          46                 0   100.00%           0                 0         -
layer1/stowaway.rs                              164                 4    97.56%           8                 0   100.00%         161                 2    98.76%           0                 0         -
layer1/stress.rs                                420                 6    98.57%          16                 0   100.00%         361                 4    98.89%           0                 0         -
layer1/structural_integrity.rs                  358                11    96.93%          19                 0   100.00%         222                 6    97.30%           0                 0         -
layer1/structure.rs                             393                32    91.86%          17                 0   100.00%         297                25    91.58%           0                 0         -
layer1/suction.rs                               155                 3    98.06%           5                 0   100.00%          85                 2    97.65%           0                 0         -
layer1/systems/cleanup.rs                        17                 0   100.00%           1                 0   100.00%          53                 0   100.00%           0                 0         -
layer1/systems/consumption.rs                    83                 0   100.00%           1                 0   100.00%         109                 0   100.00%           0                 0         -
layer1/systems/economy.rs                        51                 0   100.00%           1                 0   100.00%         136                 0   100.00%           0                 0         -
layer1/systems/environment.rs                    69                 0   100.00%           1                 0   100.00%         126                 0   100.00%           0                 0         -
layer1/systems/execution.rs                     130                 0   100.00%           1                 0   100.00%         181                 0   100.00%           0                 0         -
layer1/systems/mod.rs                            34                 0   100.00%           2                 0   100.00%          19                 0   100.00%           0                 0         -
layer1/systems/observation.rs                   129                 0   100.00%           1                 0   100.00%         269                 0   100.00%           0                 0         -
layer1/tech/cognitive_overclocking.rs           103                 3    97.09%           6                 0   100.00%          85                 2    97.65%           0                 0         -
layer1/tech/event_horizon_tap.rs                106                 1    99.06%           5                 0   100.00%          93                 0   100.00%           0                 0         -
layer1/tech/ghost_code.rs                       107                18    83.18%           6                 0   100.00%         106                22    79.25%           0                 0         -
layer1/tech/harmonic.rs                          56                 8    85.71%           1                 0   100.00%          43                 8    81.40%           0                 0         -
layer1/tech/hypno_learning.rs                    74                14    81.08%           5                 0   100.00%          61                 8    86.89%           0                 0         -
layer1/tech/infinite_archive.rs                  41                 4    90.24%           3                 0   100.00%          35                 3    91.43%           0                 0         -
layer1/tech/legacy_code.rs                       37                 7    81.08%           5                 1    80.00%          33                 4    87.88%           0                 0         -
layer1/tech/machine_awakening.rs                105                 2    98.10%           6                 0   100.00%          64                 1    98.44%           0                 0         -
layer1/tech/martyrs_engine.rs                   214                23    89.25%           6                 0   100.00%         158                 8    94.94%           0                 0         -
layer1/tech/mod.rs                              490               102    79.18%          37                 6    83.78%         351                74    78.92%           0                 0         -
layer1/tech/neural_leech.rs                      72                22    69.44%           5                 1    80.00%          57                13    77.19%           0                 0         -
layer1/tech/rhythm.rs                            37                 1    97.30%           2                 0   100.00%          29                 1    96.55%           0                 0         -
layer1/tech_envy.rs                             247                 8    96.76%          14                 2    85.71%         177                 6    96.61%           0                 0         -
layer1/terraforming.rs                          184                 0   100.00%           9                 0   100.00%         148                 0   100.00%           0                 0         -
layer1/the_visitor.rs                           227                43    81.06%           7                 0   100.00%         187                29    84.49%           0                 0         -
layer1/totems.rs                                198                 9    95.45%           6                 0   100.00%         164                10    93.90%           0                 0         -
layer1/traits.rs                                487                72    85.22%          21                 1    95.24%         336                72    78.57%           0                 0         -
layer1/turret.rs                                304                14    95.39%          13                 0   100.00%         307                 8    97.39%           0                 0         -
layer1/vermin.rs                                217                 7    96.77%          12                 0   100.00%         170                 6    96.47%           0                 0         -
layer1/visitor.rs                               329                10    96.96%          12                 0   100.00%         257                 5    98.05%           0                 0         -
layer1/void_stare.rs                            196                19    90.31%           8                 0   100.00%         144                14    90.28%           0                 0         -
layer1/void_weed.rs                              92                 2    97.83%           4                 0   100.00%          58                 1    98.28%           0                 0         -
layer1/volatile.rs                              213                 8    96.24%           8                 0   100.00%         170                 3    98.24%           0                 0         -
layer1/whispering_ore.rs                        103                 5    95.15%           5                 0   100.00%          71                 2    97.18%           0                 0         -
layer1/wild_child.rs                            155                 0   100.00%           6                 0   100.00%         113                 0   100.00%           0                 0         -
layer1/window.rs                                213                 5    97.65%           6                 0   100.00%         161                 5    96.89%           0                 0         -
layer1/zone.rs                                  191                19    90.05%          15                 0   100.00%         123                12    90.24%           0                 0         -
layer2/barnacles.rs                             152                 1    99.34%           9                 0   100.00%         118                 0   100.00%           0                 0         -
layer2/cartographers_curse.rs                   101                 1    99.01%           5                 0   100.00%          75                 0   100.00%           0                 0         -
layer2/cascade/failure.rs                       117                11    90.60%           6                 0   100.00%         102                13    87.25%           0                 0         -
layer2/combat.rs                                293                51    82.59%          10                 0   100.00%         185                38    79.46%           0                 0         -
layer2/debris.rs                                 95                34    64.21%           5                 0   100.00%          79                21    73.42%           0                 0         -
layer2/designation.rs                           126                 0   100.00%           6                 0   100.00%          92                 0   100.00%           0                 0         -
layer2/empathic_plague.rs                       105                 1    99.05%           5                 1    80.00%          95                 1    98.95%           0                 0         -
layer2/events_new/reverse_quarantine.rs          18                 0   100.00%           1                 0   100.00%          25                 0   100.00%           0                 0         -
layer2/fleet.rs                                 245                26    89.39%          16                 1    93.75%         179                 9    94.97%           0                 0         -
layer2/generation.rs                            313                 1    99.68%          12                 0   100.00%         191                 0   100.00%           0                 0         -
layer2/governance.rs                            156                 6    96.15%           8                 0   100.00%         129                 2    98.45%           0                 0         -
layer2/integration.rs                           273               108    60.44%          18                 1    94.44%         270                97    64.07%           0                 0         -
layer2/mining.rs                                 92                12    86.96%           7                 1    85.71%          70                11    84.29%           0                 0         -
layer2/moon_hermits.rs                          171                 2    98.83%           5                 0   100.00%         124                 1    99.19%           0                 0         -
layer2/phantom.rs                               150                18    88.00%           7                 0   100.00%         125                15    88.00%           0                 0         -
layer2/planet/ecological_tension.rs              90                 4    95.56%           3                 0   100.00%          53                 3    94.34%           0                 0         -
layer2/render.rs                                139               139     0.00%           4                 4     0.00%          69                69     0.00%           0                 0         -
layer2/sensor_ambiguity.rs                      127                 4    96.85%           3                 0   100.00%          88                 2    97.73%           0                 0         -
layer2/ship.rs                                  125                 7    94.40%          11                 0   100.00%          75                 5    93.33%           0                 0         -
layer2/silent_mutiny.rs                         299                32    89.30%           9                 0   100.00%         222                23    89.64%           0                 0         -
layer2/station.rs                                87                84     3.45%           8                 7    12.50%          71                65     8.45%           0                 0         -
layer2/system.rs                                 89                 0   100.00%           6                 0   100.00%          60                 0   100.00%           0                 0         -
layer2/syzygy.rs                                 96                 0   100.00%           7                 0   100.00%          90                 0   100.00%           0                 0         -
layer2/thermal.rs                                33                 3    90.91%           3                 0   100.00%          31                 2    93.55%           0                 0         -
layer2/tourism/disaster_tourism.rs               86                 1    98.84%           3                 0   100.00%          53                 1    98.11%           0                 0         -
layer2/trade/biomass_tariff.rs                  107                 4    96.26%           3                 0   100.00%          93                 2    97.85%           0                 0         -
layer2/trade/blockade.rs                        100                 2    98.00%           7                 0   100.00%          80                 2    97.50%           0                 0         -
layer2/trade/escape_velocity.rs                 139                 1    99.28%           7                 0   100.00%         131                 1    99.24%           0                 0         -
layer2/trade/penal_contracts.rs                 107                 5    95.33%           4                 0   100.00%          74                 2    97.30%           0                 0         -
layer2/trade/routes.rs                          173                 9    94.80%          10                 0   100.00%         123                 6    95.12%           0                 0         -
layer2/visibility.rs                             89                 0   100.00%           6                 0   100.00%          74                 0   100.00%           0                 0         -
layer3/council.rs                               125                 0   100.00%           5                 0   100.00%          94                 0   100.00%           0                 0         -
layer3/diplomacy.rs                              50                 4    92.00%           2                 0   100.00%          31                 3    90.32%           0                 0         -
layer3/diplomacy_reflection.rs                  186                18    90.32%           7                 0   100.00%         155                10    93.55%           0                 0         -
layer3/events/debt_prison.rs                    127                 0   100.00%           5                 0   100.00%          78                 0   100.00%           0                 0         -
layer3/map.rs                                   158                 8    94.94%           9                 0   100.00%         110                 6    94.55%           0                 0         -
layer3/market/galactic_market.rs                316                 0   100.00%          13                 0   100.00%         161                 0   100.00%           0                 0         -
layer3/silence.rs                                82                 0   100.00%           5                 0   100.00%          69                 0   100.00%           0                 0         -
main.rs                                         117               103    11.97%           4                 3    25.00%          72                63    12.50%           0                 0         -
platform/input.rs                                64                 0   100.00%           8                 0   100.00%          50                 0   100.00%           0                 0         -
platform/native.rs                              223                 4    98.21%          17                 0   100.00%         149                 1    99.33%           0                 0         -
setup.rs                                        622                 8    98.71%          10                 0   100.00%         302                 9    97.02%           0                 0         -
shared/colony.rs                                 13                 0   100.00%           3                 0   100.00%          15                 0   100.00%           0                 0         -
shared/input.rs                                 967               233    75.90%          43                 6    86.05%         647               210    67.54%           0                 0         -
shared/log.rs                                    73                 0   100.00%           8                 0   100.00%          52                 0   100.00%           0                 0         -
shared/menu.rs                                  113                 0   100.00%          11                 0   100.00%          81                 0   100.00%           0                 0         -
shared/narrative.rs                             858                83    90.33%          48                 8    83.33%         514                44    91.44%           0                 0         -
shared/selection.rs                             378                60    84.13%          28                 2    92.86%         236                37    84.32%           0                 0         -
shared/time.rs                                   79                 0   100.00%           9                 0   100.00%          60                 0   100.00%           0                 0         -
shared/world_history.rs                         454                19    95.81%          18                 5    72.22%         251                14    94.42%           0                 0         -
simulation.rs                                   437                32    92.68%           6                 0   100.00%         442                29    93.44%           0                 0         -
ui/chronicle.rs                                 107               107     0.00%           4                 4     0.00%          69                69     0.00%           0                 0         -
ui/inspector.rs                                2450               636    74.04%          70                13    81.43%        1409               385    72.68%           0                 0         -
ui/map.rs                                       877               860     1.94%          35                32     8.57%         578               562     2.77%           0                 0         -
ui/menu.rs                                      124               124     0.00%           2                 2     0.00%          66                66     0.00%           0                 0         -
ui/mod.rs                                        92                92     0.00%           1                 1     0.00%          42                42     0.00%           0                 0         -
ui/notifications.rs                             107               107     0.00%           2                 2     0.00%          59                59     0.00%           0                 0         -
ui/panels.rs                                     91                91     0.00%           2                 2     0.00%          44                44     0.00%           0                 0         -
ui/seasonal_gfx.rs                               53                 6    88.68%           5                 0   100.00%          38                 6    84.21%           0                 0         -
ui/status.rs                                    763                87    88.60%          21                 1    95.24%         471                53    88.75%           0                 0         -
ui/tech.rs                                      420               321    23.57%          15                 8    46.67%         233               165    29.18%           0                 0         -
-------------------------------------------------------------------------------------------------------------------------------------------------------------------------------------------------------
TOTAL                                         76263             11316    85.16%        3425               314    90.83%       57383              8419    85.33%           0                 0         -
